<?xml version="1.0" encoding="UTF-8"?>
<!-- Generated by org.testng.reporters.JUnitReportReporter -->
<testsuite skipped="0" hostname="DESKTOP-G7PJL0M" name="GoogleAPITest.PostAddress" tests="4" failures="0" timestamp="17 Dec 2021 14:41:58 GMT" time="29.342" errors="0">
  <testcase name="createPlaceTest" time="13.536" classname="GoogleAPITest.PostAddress"/>
  <testcase name="getPlaceTest" time="3.560" classname="GoogleAPITest.PostAddress"/>
  <testcase name="updatePlaceTest" time="6.942" classname="GoogleAPITest.PostAddress"/>
  <testcase name="deletePlaceTest" time="5.304" classname="GoogleAPITest.PostAddress"/>
</testsuite> <!-- GoogleAPITest.PostAddress -->
