<?xml version="1.0" encoding="UTF-8"?>
<!-- Generated by org.testng.reporters.JUnitReportReporter -->
<testsuite skipped="0" hostname="DESKTOP-G7PJL0M" name="GoogleAPITest.GoogleAPITest" tests="5" failures="0" timestamp="18 Dec 2021 12:41:22 GMT" time="17.805" errors="0">
  <testcase name="createPlaceTest" time="4.099" classname="GoogleAPITest.GoogleAPITest"/>
  <testcase name="getPlaceTest" time="2.822" classname="GoogleAPITest.GoogleAPITest"/>
  <testcase name="updatePlaceTest" time="5.041" classname="GoogleAPITest.GoogleAPITest"/>
  <testcase name="deletePlaceTest" time="3.045" classname="GoogleAPITest.GoogleAPITest"/>
  <testcase name="getPlaceAfterdeletTest" time="2.798" classname="GoogleAPITest.GoogleAPITest"/>
</testsuite> <!-- GoogleAPITest.GoogleAPITest -->
