<?xml version="1.0" encoding="UTF-8"?>
<!-- Generated by org.testng.reporters.JUnitReportReporter -->
<testsuite skipped="0" hostname="DESKTOP-G7PJL0M" name="GoogleAPITest.GoogleAPITest" tests="5" failures="0" timestamp="18 Dec 2021 12:54:39 GMT" time="25.313" errors="0">
  <testcase name="createPlaceTest" time="8.767" classname="GoogleAPITest.GoogleAPITest"/>
  <testcase name="getPlaceTest" time="4.210" classname="GoogleAPITest.GoogleAPITest"/>
  <testcase name="updatePlaceTest" time="6.151" classname="GoogleAPITest.GoogleAPITest"/>
  <testcase name="deletePlaceTest" time="3.268" classname="GoogleAPITest.GoogleAPITest"/>
  <testcase name="getPlaceAfterdeletTest" time="2.917" classname="GoogleAPITest.GoogleAPITest"/>
</testsuite> <!-- GoogleAPITest.GoogleAPITest -->
