<?xml version="1.0" encoding="UTF-8"?>
<!-- Generated by org.testng.reporters.JUnitReportReporter -->
<testsuite skipped="0" hostname="DESKTOP-G7PJL0M" name="GoogleAPITest.PostAddress" tests="4" failures="0" timestamp="17 Dec 2021 15:19:52 GMT" time="32.429" errors="0">
  <testcase name="createPlaceTest" time="4.426" classname="GoogleAPITest.PostAddress"/>
  <testcase name="getPlaceTest" time="17.427" classname="GoogleAPITest.PostAddress"/>
  <testcase name="updatePlaceTest" time="6.603" classname="GoogleAPITest.PostAddress"/>
  <testcase name="deletePlaceTest" time="3.973" classname="GoogleAPITest.PostAddress"/>
</testsuite> <!-- GoogleAPITest.PostAddress -->
